<?xml version="1.0" encoding="UTF-8"?>
<robot generator="Robot 7.1.1 (Python 3.13.0 on win32)" generated="2024-12-06T00:36:43.598948" rpa="false" schemaversion="5">
<suite id="s1" name="Robot Ui Tests" source="D:\project\Aperture_testing_assignment\ui_test_robot_framework\tests\robot_ui_tests.robot">
<test id="s1-t1" name="test to login and select cheapest item" line="22">
<kw name="begin web test" owner="common" type="SETUP">
<kw name="Log" owner="BuiltIn">
<msg time="2024-12-06T00:36:44.213421" level="INFO">begin testing</msg>
<arg>begin testing</arg>
<doc>Logs the given message with the given level.</doc>
<status status="PASS" start="2024-12-06T00:36:44.213208" elapsed="0.000320"/>
</kw>
<kw name="Open Browser" owner="SeleniumLibrary">
<msg time="2024-12-06T00:36:44.214180" level="INFO">Opening browser 'edge' to base url 'https://www.saucedemo.com/'.</msg>
<arg>${WEB_URL}</arg>
<arg>${BROWSER}</arg>
<doc>Opens a new browser instance to the optional ``url``.</doc>
<status status="PASS" start="2024-12-06T00:36:44.213831" elapsed="2.923774"/>
</kw>
<arg>${BROWSER}</arg>
<arg>${WEB_URL}</arg>
<status status="PASS" start="2024-12-06T00:36:44.211691" elapsed="2.926142"/>
</kw>
<kw name="access login page and login" owner="robot_ui_tests_app">
<kw name="verify correct login page" owner="login_page">
<kw name="Wait Until Page Contains Element" owner="SeleniumLibrary">
<arg>${valod_login_page_element}</arg>
<doc>Waits until the element ``locator`` appears on the current page.</doc>
<status status="PASS" start="2024-12-06T00:36:47.140518" elapsed="0.023629"/>
</kw>
<status status="PASS" start="2024-12-06T00:36:47.139863" elapsed="0.024613"/>
</kw>
<kw name="login useing credential" owner="login_page">
<kw name="Input Text" owner="SeleniumLibrary">
<msg time="2024-12-06T00:36:47.165852" level="INFO">Typing text 'standard_user' into text field 'id=user-name'.</msg>
<arg>locator=id=user-name</arg>
<arg>text=${USERNAME}</arg>
<doc>Types the given ``text`` into the text field identified by ``locator``.</doc>
<status status="PASS" start="2024-12-06T00:36:47.165474" elapsed="0.368338"/>
</kw>
<kw name="Input Password" owner="SeleniumLibrary">
<msg time="2024-12-06T00:36:47.535842" level="INFO">Typing password into text field 'id=password'.</msg>
<msg time="2024-12-06T00:36:47.676542" level="INFO">Temporally setting log level to: NONE</msg>
<arg>locator=id=password</arg>
<arg>password=${PASSWORD}</arg>
<doc>Types the given password into the text field identified by ``locator``.</doc>
<status status="PASS" start="2024-12-06T00:36:47.534842" elapsed="0.247859"/>
</kw>
<kw name="Click Button" owner="SeleniumLibrary">
<msg time="2024-12-06T00:36:47.783445" level="INFO">Clicking button 'id=login-button'.</msg>
<arg>locator=id=login-button</arg>
<doc>Clicks the button identified by ``locator``.</doc>
<status status="PASS" start="2024-12-06T00:36:47.783098" elapsed="0.176631"/>
</kw>
<arg>${USERNAME}</arg>
<arg>${PASSWORD}</arg>
<status status="PASS" start="2024-12-06T00:36:47.164889" elapsed="0.795017"/>
</kw>
<arg>${VALID_USER}</arg>
<arg>${MAIN_PASSWORD}</arg>
<status status="PASS" start="2024-12-06T00:36:47.138652" elapsed="0.821385"/>
</kw>
<kw name="Add Cheapest Item To Cart" owner="robot_ui_tests_app">
<kw name="verify correct product page" owner="product_page">
<kw name="Wait Until Page Contains" owner="SeleniumLibrary">
<arg>${valid_product_page_label}</arg>
<doc>Waits until ``text`` appears on the current page.</doc>
<status status="PASS" start="2024-12-06T00:36:47.962276" elapsed="0.027580"/>
</kw>
<status status="PASS" start="2024-12-06T00:36:47.961452" elapsed="0.028659"/>
</kw>
<kw name="Get WebElements" owner="SeleniumLibrary">
<msg time="2024-12-06T00:36:48.024102" level="INFO">${price_elements} = [&lt;selenium.webdriver.remote.webelement.WebElement (session="d2e13bec42ca839d77369cf5fca57463", element="f.AF73BA1E77A70A06C076938EC1F42E00.d.2E308C7A57DDA26D91E43324DE3E3BD8.e.40")&gt;, &lt;selenium.webdriv...</msg>
<var>${price_elements}</var>
<arg>class=inventory_item_price</arg>
<doc>Returns a list of WebElement objects matching the ``locator``.</doc>
<status status="PASS" start="2024-12-06T00:36:47.990451" elapsed="0.033783"/>
</kw>
<kw name="Create List" owner="BuiltIn">
<msg time="2024-12-06T00:36:48.025175" level="INFO">@{prices} = [ ]</msg>
<var>@{prices}</var>
<doc>Returns a list containing given items.</doc>
<status status="PASS" start="2024-12-06T00:36:48.024672" elapsed="0.000605"/>
</kw>
<for flavor="IN">
<iter>
<kw name="Get Text" owner="SeleniumLibrary">
<msg time="2024-12-06T00:36:48.061738" level="INFO">${price_text} = $29.99</msg>
<var>${price_text}</var>
<arg>${element}</arg>
<doc>Returns the text value of the element identified by ``locator``.</doc>
<status status="PASS" start="2024-12-06T00:36:48.026473" elapsed="0.035364"/>
</kw>
<kw name="Log" owner="BuiltIn">
<msg time="2024-12-06T00:36:48.062654" level="INFO">Raw Price Text: $29.99</msg>
<arg>Raw Price Text: ${price_text}</arg>
<doc>Logs the given message with the given level.</doc>
<status status="PASS" start="2024-12-06T00:36:48.062257" elapsed="0.000575"/>
</kw>
<kw name="Get Substring" owner="String">
<msg time="2024-12-06T00:36:48.063594" level="INFO">${price_without_dollar} = 29.99</msg>
<var>${price_without_dollar}</var>
<arg>${price_text}</arg>
<arg>1</arg>
<doc>Returns a substring from ``start`` index to ``end`` index.</doc>
<status status="PASS" start="2024-12-06T00:36:48.063124" elapsed="0.000579"/>
</kw>
<kw name="Log" owner="BuiltIn">
<msg time="2024-12-06T00:36:48.064361" level="INFO">Price Without First Character: 29.99</msg>
<arg>Price Without First Character: ${price_without_dollar}</arg>
<doc>Logs the given message with the given level.</doc>
<status status="PASS" start="2024-12-06T00:36:48.064035" elapsed="0.000486"/>
</kw>
<kw name="Convert To Number" owner="BuiltIn">
<msg time="2024-12-06T00:36:48.065330" level="INFO">${price} = 29.99</msg>
<var>${price}</var>
<arg>${price_without_dollar}</arg>
<doc>Converts the given item to a floating point number.</doc>
<status status="PASS" start="2024-12-06T00:36:48.064874" elapsed="0.000525"/>
</kw>
<kw name="Append To List" owner="Collections">
<arg>${prices}</arg>
<arg>${price}</arg>
<doc>Adds ``values`` to the end of ``list``.</doc>
<status status="PASS" start="2024-12-06T00:36:48.065736" elapsed="0.000392"/>
</kw>
<var name="${element}">&lt;selenium.webdriver.remote.webelement.WebElement (session="d2e13bec42ca839d77369cf5fca57463", element="f.AF73BA1E77A70A06C076938EC1F42E00.d.2E308C7A57DDA26D91E43324DE3E3BD8.e.40")&gt;</var>
<status status="PASS" start="2024-12-06T00:36:48.026120" elapsed="0.040147"/>
</iter>
<iter>
<kw name="Get Text" owner="SeleniumLibrary">
<msg time="2024-12-06T00:36:48.085623" level="INFO">${price_text} = $9.99</msg>
<var>${price_text}</var>
<arg>${element}</arg>
<doc>Returns the text value of the element identified by ``locator``.</doc>
<status status="PASS" start="2024-12-06T00:36:48.066999" elapsed="0.018704"/>
</kw>
<kw name="Log" owner="BuiltIn">
<msg time="2024-12-06T00:36:48.086343" level="INFO">Raw Price Text: $9.99</msg>
<arg>Raw Price Text: ${price_text}</arg>
<doc>Logs the given message with the given level.</doc>
<status status="PASS" start="2024-12-06T00:36:48.086037" elapsed="0.000409"/>
</kw>
<kw name="Get Substring" owner="String">
<msg time="2024-12-06T00:36:48.087097" level="INFO">${price_without_dollar} = 9.99</msg>
<var>${price_without_dollar}</var>
<arg>${price_text}</arg>
<arg>1</arg>
<doc>Returns a substring from ``start`` index to ``end`` index.</doc>
<status status="PASS" start="2024-12-06T00:36:48.086714" elapsed="0.000442"/>
</kw>
<kw name="Log" owner="BuiltIn">
<msg time="2024-12-06T00:36:48.087679" level="INFO">Price Without First Character: 9.99</msg>
<arg>Price Without First Character: ${price_without_dollar}</arg>
<doc>Logs the given message with the given level.</doc>
<status status="PASS" start="2024-12-06T00:36:48.087424" elapsed="0.000348"/>
</kw>
<kw name="Convert To Number" owner="BuiltIn">
<msg time="2024-12-06T00:36:48.088402" level="INFO">${price} = 9.99</msg>
<var>${price}</var>
<arg>${price_without_dollar}</arg>
<doc>Converts the given item to a floating point number.</doc>
<status status="PASS" start="2024-12-06T00:36:48.088024" elapsed="0.000661"/>
</kw>
<kw name="Append To List" owner="Collections">
<arg>${prices}</arg>
<arg>${price}</arg>
<doc>Adds ``values`` to the end of ``list``.</doc>
<status status="PASS" start="2024-12-06T00:36:48.088960" elapsed="0.000337"/>
</kw>
<var name="${element}">&lt;selenium.webdriver.remote.webelement.WebElement (session="d2e13bec42ca839d77369cf5fca57463", element="f.AF73BA1E77A70A06C076938EC1F42E00.d.2E308C7A57DDA26D91E43324DE3E3BD8.e.41")&gt;</var>
<status status="PASS" start="2024-12-06T00:36:48.066712" elapsed="0.022699"/>
</iter>
<iter>
<kw name="Get Text" owner="SeleniumLibrary">
<msg time="2024-12-06T00:36:48.106074" level="INFO">${price_text} = $15.99</msg>
<var>${price_text}</var>
<arg>${element}</arg>
<doc>Returns the text value of the element identified by ``locator``.</doc>
<status status="PASS" start="2024-12-06T00:36:48.089939" elapsed="0.016204"/>
</kw>
<kw name="Log" owner="BuiltIn">
<msg time="2024-12-06T00:36:48.106804" level="INFO">Raw Price Text: $15.99</msg>
<arg>Raw Price Text: ${price_text}</arg>
<doc>Logs the given message with the given level.</doc>
<status status="PASS" start="2024-12-06T00:36:48.106454" elapsed="0.000488"/>
</kw>
<kw name="Get Substring" owner="String">
<msg time="2024-12-06T00:36:48.107632" level="INFO">${price_without_dollar} = 15.99</msg>
<var>${price_without_dollar}</var>
<arg>${price_text}</arg>
<arg>1</arg>
<doc>Returns a substring from ``start`` index to ``end`` index.</doc>
<status status="PASS" start="2024-12-06T00:36:48.107293" elapsed="0.000392"/>
</kw>
<kw name="Log" owner="BuiltIn">
<msg time="2024-12-06T00:36:48.108125" level="INFO">Price Without First Character: 15.99</msg>
<arg>Price Without First Character: ${price_without_dollar}</arg>
<doc>Logs the given message with the given level.</doc>
<status status="PASS" start="2024-12-06T00:36:48.107904" elapsed="0.000301"/>
</kw>
<kw name="Convert To Number" owner="BuiltIn">
<msg time="2024-12-06T00:36:48.108754" level="INFO">${price} = 15.99</msg>
<var>${price}</var>
<arg>${price_without_dollar}</arg>
<doc>Converts the given item to a floating point number.</doc>
<status status="PASS" start="2024-12-06T00:36:48.108424" elapsed="0.000379"/>
</kw>
<kw name="Append To List" owner="Collections">
<arg>${prices}</arg>
<arg>${price}</arg>
<doc>Adds ``values`` to the end of ``list``.</doc>
<status status="PASS" start="2024-12-06T00:36:48.109005" elapsed="0.000274"/>
</kw>
<var name="${element}">&lt;selenium.webdriver.remote.webelement.WebElement (session="d2e13bec42ca839d77369cf5fca57463", element="f.AF73BA1E77A70A06C076938EC1F42E00.d.2E308C7A57DDA26D91E43324DE3E3BD8.e.42")&gt;</var>
<status status="PASS" start="2024-12-06T00:36:48.089692" elapsed="0.019677"/>
</iter>
<iter>
<kw name="Get Text" owner="SeleniumLibrary">
<msg time="2024-12-06T00:36:48.125100" level="INFO">${price_text} = $49.99</msg>
<var>${price_text}</var>
<arg>${element}</arg>
<doc>Returns the text value of the element identified by ``locator``.</doc>
<status status="PASS" start="2024-12-06T00:36:48.109890" elapsed="0.015280"/>
</kw>
<kw name="Log" owner="BuiltIn">
<msg time="2024-12-06T00:36:48.125642" level="INFO">Raw Price Text: $49.99</msg>
<arg>Raw Price Text: ${price_text}</arg>
<doc>Logs the given message with the given level.</doc>
<status status="PASS" start="2024-12-06T00:36:48.125419" elapsed="0.000295"/>
</kw>
<kw name="Get Substring" owner="String">
<msg time="2024-12-06T00:36:48.126213" level="INFO">${price_without_dollar} = 49.99</msg>
<var>${price_without_dollar}</var>
<arg>${price_text}</arg>
<arg>1</arg>
<doc>Returns a substring from ``start`` index to ``end`` index.</doc>
<status status="PASS" start="2024-12-06T00:36:48.125912" elapsed="0.000354"/>
</kw>
<kw name="Log" owner="BuiltIn">
<msg time="2024-12-06T00:36:48.126657" level="INFO">Price Without First Character: 49.99</msg>
<arg>Price Without First Character: ${price_without_dollar}</arg>
<doc>Logs the given message with the given level.</doc>
<status status="PASS" start="2024-12-06T00:36:48.126462" elapsed="0.000287"/>
</kw>
<kw name="Convert To Number" owner="BuiltIn">
<msg time="2024-12-06T00:36:48.127207" level="INFO">${price} = 49.99</msg>
<var>${price}</var>
<arg>${price_without_dollar}</arg>
<doc>Converts the given item to a floating point number.</doc>
<status status="PASS" start="2024-12-06T00:36:48.126933" elapsed="0.000334"/>
</kw>
<kw name="Append To List" owner="Collections">
<arg>${prices}</arg>
<arg>${price}</arg>
<doc>Adds ``values`` to the end of ``list``.</doc>
<status status="PASS" start="2024-12-06T00:36:48.127450" elapsed="0.000225"/>
</kw>
<var name="${element}">&lt;selenium.webdriver.remote.webelement.WebElement (session="d2e13bec42ca839d77369cf5fca57463", element="f.AF73BA1E77A70A06C076938EC1F42E00.d.2E308C7A57DDA26D91E43324DE3E3BD8.e.43")&gt;</var>
<status status="PASS" start="2024-12-06T00:36:48.109676" elapsed="0.018083"/>
</iter>
<iter>
<kw name="Get Text" owner="SeleniumLibrary">
<msg time="2024-12-06T00:36:48.141586" level="INFO">${price_text} = $7.99</msg>
<var>${price_text}</var>
<arg>${element}</arg>
<doc>Returns the text value of the element identified by ``locator``.</doc>
<status status="PASS" start="2024-12-06T00:36:48.128184" elapsed="0.013509"/>
</kw>
<kw name="Log" owner="BuiltIn">
<msg time="2024-12-06T00:36:48.142431" level="INFO">Raw Price Text: $7.99</msg>
<arg>Raw Price Text: ${price_text}</arg>
<doc>Logs the given message with the given level.</doc>
<status status="PASS" start="2024-12-06T00:36:48.142099" elapsed="0.000453"/>
</kw>
<kw name="Get Substring" owner="String">
<msg time="2024-12-06T00:36:48.143038" level="INFO">${price_without_dollar} = 7.99</msg>
<var>${price_without_dollar}</var>
<arg>${price_text}</arg>
<arg>1</arg>
<doc>Returns a substring from ``start`` index to ``end`` index.</doc>
<status status="PASS" start="2024-12-06T00:36:48.142762" elapsed="0.000335"/>
</kw>
<kw name="Log" owner="BuiltIn">
<msg time="2024-12-06T00:36:48.143480" level="INFO">Price Without First Character: 7.99</msg>
<arg>Price Without First Character: ${price_without_dollar}</arg>
<doc>Logs the given message with the given level.</doc>
<status status="PASS" start="2024-12-06T00:36:48.143289" elapsed="0.000259"/>
</kw>
<kw name="Convert To Number" owner="BuiltIn">
<msg time="2024-12-06T00:36:48.144028" level="INFO">${price} = 7.99</msg>
<var>${price}</var>
<arg>${price_without_dollar}</arg>
<doc>Converts the given item to a floating point number.</doc>
<status status="PASS" start="2024-12-06T00:36:48.143760" elapsed="0.000309"/>
</kw>
<kw name="Append To List" owner="Collections">
<arg>${prices}</arg>
<arg>${price}</arg>
<doc>Adds ``values`` to the end of ``list``.</doc>
<status status="PASS" start="2024-12-06T00:36:48.144264" elapsed="0.000220"/>
</kw>
<var name="${element}">&lt;selenium.webdriver.remote.webelement.WebElement (session="d2e13bec42ca839d77369cf5fca57463", element="f.AF73BA1E77A70A06C076938EC1F42E00.d.2E308C7A57DDA26D91E43324DE3E3BD8.e.44")&gt;</var>
<status status="PASS" start="2024-12-06T00:36:48.128007" elapsed="0.016556"/>
</iter>
<iter>
<kw name="Get Text" owner="SeleniumLibrary">
<msg time="2024-12-06T00:36:48.158544" level="INFO">${price_text} = $15.99</msg>
<var>${price_text}</var>
<arg>${element}</arg>
<doc>Returns the text value of the element identified by ``locator``.</doc>
<status status="PASS" start="2024-12-06T00:36:48.144965" elapsed="0.013639"/>
</kw>
<kw name="Log" owner="BuiltIn">
<msg time="2024-12-06T00:36:48.159093" level="INFO">Raw Price Text: $15.99</msg>
<arg>Raw Price Text: ${price_text}</arg>
<doc>Logs the given message with the given level.</doc>
<status status="PASS" start="2024-12-06T00:36:48.158854" elapsed="0.000322"/>
</kw>
<kw name="Get Substring" owner="String">
<msg time="2024-12-06T00:36:48.159610" level="INFO">${price_without_dollar} = 15.99</msg>
<var>${price_without_dollar}</var>
<arg>${price_text}</arg>
<arg>1</arg>
<doc>Returns a substring from ``start`` index to ``end`` index.</doc>
<status status="PASS" start="2024-12-06T00:36:48.159361" elapsed="0.000291"/>
</kw>
<kw name="Log" owner="BuiltIn">
<msg time="2024-12-06T00:36:48.160208" level="INFO">Price Without First Character: 15.99</msg>
<arg>Price Without First Character: ${price_without_dollar}</arg>
<doc>Logs the given message with the given level.</doc>
<status status="PASS" start="2024-12-06T00:36:48.160011" elapsed="0.000267"/>
</kw>
<kw name="Convert To Number" owner="BuiltIn">
<msg time="2024-12-06T00:36:48.160718" level="INFO">${price} = 15.99</msg>
<var>${price}</var>
<arg>${price_without_dollar}</arg>
<doc>Converts the given item to a floating point number.</doc>
<status status="PASS" start="2024-12-06T00:36:48.160456" elapsed="0.000321"/>
</kw>
<kw name="Append To List" owner="Collections">
<arg>${prices}</arg>
<arg>${price}</arg>
<doc>Adds ``values`` to the end of ``list``.</doc>
<status status="PASS" start="2024-12-06T00:36:48.160979" elapsed="0.000313"/>
</kw>
<var name="${element}">&lt;selenium.webdriver.remote.webelement.WebElement (session="d2e13bec42ca839d77369cf5fca57463", element="f.AF73BA1E77A70A06C076938EC1F42E00.d.2E308C7A57DDA26D91E43324DE3E3BD8.e.45")&gt;</var>
<status status="PASS" start="2024-12-06T00:36:48.144806" elapsed="0.016588"/>
</iter>
<var>${element}</var>
<value>@{price_elements}</value>
<status status="PASS" start="2024-12-06T00:36:48.025503" elapsed="0.135993"/>
</for>
<kw name="Log" owner="BuiltIn">
<msg time="2024-12-06T00:36:48.162020" level="INFO">All Prices: [29.99, 9.99, 15.99, 49.99, 7.99, 15.99]</msg>
<arg>All Prices: ${prices}</arg>
<doc>Logs the given message with the given level.</doc>
<status status="PASS" start="2024-12-06T00:36:48.161772" elapsed="0.000337"/>
</kw>
<kw name="Convert To Number" owner="BuiltIn">
<msg time="2024-12-06T00:36:48.162625" level="INFO">${cheapest_price} = 15.99</msg>
<var>${cheapest_price}</var>
<arg>${price}</arg>
<doc>Converts the given item to a floating point number.</doc>
<status status="PASS" start="2024-12-06T00:36:48.162336" elapsed="0.000332"/>
</kw>
<for flavor="IN">
<iter>
<if>
<branch type="IF" condition="${price} &lt; ${cheapest_price}">
<kw name="Convert To Number" owner="BuiltIn">
<var>${cheapest_price}</var>
<arg>${price}</arg>
<doc>Converts the given item to a floating point number.</doc>
<status status="NOT RUN" start="2024-12-06T00:36:48.163643" elapsed="0.000051"/>
</kw>
<kw name="Log" owner="BuiltIn">
<arg>Updated Cheapest Price to: ${cheapest_price}</arg>
<doc>Logs the given message with the given level.</doc>
<status status="NOT RUN" start="2024-12-06T00:36:48.163904" elapsed="0.000049"/>
</kw>
<status status="NOT RUN" start="2024-12-06T00:36:48.163252" elapsed="0.000798"/>
</branch>
<status status="PASS" start="2024-12-06T00:36:48.163216" elapsed="0.000914"/>
</if>
<var name="${price}">29.99</var>
<status status="PASS" start="2024-12-06T00:36:48.163130" elapsed="0.001050"/>
</iter>
<iter>
<if>
<branch type="IF" condition="${price} &lt; ${cheapest_price}">
<kw name="Convert To Number" owner="BuiltIn">
<msg time="2024-12-06T00:36:48.165243" level="INFO">${cheapest_price} = 9.99</msg>
<var>${cheapest_price}</var>
<arg>${price}</arg>
<doc>Converts the given item to a floating point number.</doc>
<status status="PASS" start="2024-12-06T00:36:48.164902" elapsed="0.000391"/>
</kw>
<kw name="Log" owner="BuiltIn">
<msg time="2024-12-06T00:36:48.165754" level="INFO">Updated Cheapest Price to: 9.99</msg>
<arg>Updated Cheapest Price to: ${cheapest_price}</arg>
<doc>Logs the given message with the given level.</doc>
<status status="PASS" start="2024-12-06T00:36:48.165512" elapsed="0.000322"/>
</kw>
<status status="PASS" start="2024-12-06T00:36:48.164524" elapsed="0.001395"/>
</branch>
<status status="PASS" start="2024-12-06T00:36:48.164496" elapsed="0.001499"/>
</if>
<var name="${price}">9.99</var>
<status status="PASS" start="2024-12-06T00:36:48.164424" elapsed="0.001617"/>
</iter>
<iter>
<if>
<branch type="IF" condition="${price} &lt; ${cheapest_price}">
<kw name="Convert To Number" owner="BuiltIn">
<var>${cheapest_price}</var>
<arg>${price}</arg>
<doc>Converts the given item to a floating point number.</doc>
<status status="NOT RUN" start="2024-12-06T00:36:48.166824" elapsed="0.000053"/>
</kw>
<kw name="Log" owner="BuiltIn">
<arg>Updated Cheapest Price to: ${cheapest_price}</arg>
<doc>Logs the given message with the given level.</doc>
<status status="NOT RUN" start="2024-12-06T00:36:48.167066" elapsed="0.000048"/>
</kw>
<status status="NOT RUN" start="2024-12-06T00:36:48.166423" elapsed="0.000778"/>
</branch>
<status status="PASS" start="2024-12-06T00:36:48.166395" elapsed="0.000885"/>
</if>
<var name="${price}">15.99</var>
<status status="PASS" start="2024-12-06T00:36:48.166318" elapsed="0.001008"/>
</iter>
<iter>
<if>
<branch type="IF" condition="${price} &lt; ${cheapest_price}">
<kw name="Convert To Number" owner="BuiltIn">
<var>${cheapest_price}</var>
<arg>${price}</arg>
<doc>Converts the given item to a floating point number.</doc>
<status status="NOT RUN" start="2024-12-06T00:36:48.168037" elapsed="0.000054"/>
</kw>
<kw name="Log" owner="BuiltIn">
<arg>Updated Cheapest Price to: ${cheapest_price}</arg>
<doc>Logs the given message with the given level.</doc>
<status status="NOT RUN" start="2024-12-06T00:36:48.168313" elapsed="0.000052"/>
</kw>
<status status="NOT RUN" start="2024-12-06T00:36:48.167658" elapsed="0.000787"/>
</branch>
<status status="PASS" start="2024-12-06T00:36:48.167635" elapsed="0.000880"/>
</if>
<var name="${price}">49.99</var>
<status status="PASS" start="2024-12-06T00:36:48.167567" elapsed="0.000997"/>
</iter>
<iter>
<if>
<branch type="IF" condition="${price} &lt; ${cheapest_price}">
<kw name="Convert To Number" owner="BuiltIn">
<msg time="2024-12-06T00:36:48.169669" level="INFO">${cheapest_price} = 7.99</msg>
<var>${cheapest_price}</var>
<arg>${price}</arg>
<doc>Converts the given item to a floating point number.</doc>
<status status="PASS" start="2024-12-06T00:36:48.169336" elapsed="0.000385"/>
</kw>
<kw name="Log" owner="BuiltIn">
<msg time="2024-12-06T00:36:48.170202" level="INFO">Updated Cheapest Price to: 7.99</msg>
<arg>Updated Cheapest Price to: ${cheapest_price}</arg>
<doc>Logs the given message with the given level.</doc>
<status status="PASS" start="2024-12-06T00:36:48.169941" elapsed="0.000346"/>
</kw>
<status status="PASS" start="2024-12-06T00:36:48.168911" elapsed="0.001466"/>
</branch>
<status status="PASS" start="2024-12-06T00:36:48.168886" elapsed="0.001566"/>
</if>
<var name="${price}">7.99</var>
<status status="PASS" start="2024-12-06T00:36:48.168814" elapsed="0.001685"/>
</iter>
<iter>
<if>
<branch type="IF" condition="${price} &lt; ${cheapest_price}">
<kw name="Convert To Number" owner="BuiltIn">
<var>${cheapest_price}</var>
<arg>${price}</arg>
<doc>Converts the given item to a floating point number.</doc>
<status status="NOT RUN" start="2024-12-06T00:36:48.171226" elapsed="0.000056"/>
</kw>
<kw name="Log" owner="BuiltIn">
<arg>Updated Cheapest Price to: ${cheapest_price}</arg>
<doc>Logs the given message with the given level.</doc>
<status status="NOT RUN" start="2024-12-06T00:36:48.171501" elapsed="0.000050"/>
</kw>
<status status="NOT RUN" start="2024-12-06T00:36:48.170850" elapsed="0.000780"/>
</branch>
<status status="PASS" start="2024-12-06T00:36:48.170825" elapsed="0.000876"/>
</if>
<var name="${price}">15.99</var>
<status status="PASS" start="2024-12-06T00:36:48.170753" elapsed="0.000995"/>
</iter>
<var>${price}</var>
<value>@{prices}</value>
<status status="PASS" start="2024-12-06T00:36:48.162797" elapsed="0.009032"/>
</for>
<kw name="Log" owner="BuiltIn">
<msg time="2024-12-06T00:36:48.172316" level="INFO">Cheapest Price: 7.99</msg>
<arg>Cheapest Price: ${cheapest_price}</arg>
<doc>Logs the given message with the given level.</doc>
<status status="PASS" start="2024-12-06T00:36:48.172069" elapsed="0.000333"/>
</kw>
<kw name="Get Index From List" owner="Collections">
<msg time="2024-12-06T00:36:48.173101" level="INFO">${index} = 4</msg>
<var>${index}</var>
<arg>${prices}</arg>
<arg>${cheapest_price}</arg>
<doc>Returns the index of the first occurrence of the ``value`` on the list.</doc>
<status status="PASS" start="2024-12-06T00:36:48.172715" elapsed="0.000449"/>
</kw>
<kw name="Log" owner="BuiltIn">
<msg time="2024-12-06T00:36:48.173792" level="INFO">Index of Cheapest Item: 4</msg>
<arg>Index of Cheapest Item: ${index}</arg>
<doc>Logs the given message with the given level.</doc>
<status status="PASS" start="2024-12-06T00:36:48.173547" elapsed="0.000346"/>
</kw>
<kw name="Get WebElements" owner="SeleniumLibrary">
<msg time="2024-12-06T00:36:48.196453" level="INFO">${add_to_cart_buttons} = [&lt;selenium.webdriver.remote.webelement.WebElement (session="d2e13bec42ca839d77369cf5fca57463", element="f.AF73BA1E77A70A06C076938EC1F42E00.d.2E308C7A57DDA26D91E43324DE3E3BD8.e.46")&gt;, &lt;selenium.webdriv...</msg>
<var>${add_to_cart_buttons}</var>
<arg>class=btn_inventory</arg>
<doc>Returns a list of WebElement objects matching the ``locator``.</doc>
<status status="PASS" start="2024-12-06T00:36:48.174143" elapsed="0.022387"/>
</kw>
<kw name="Get WebElements" owner="SeleniumLibrary">
<msg time="2024-12-06T00:36:48.214244" level="INFO">@{item_names_elements} = [ &lt;selenium.webdriver.remote.webelement.WebElement (session="d2e13bec42ca839d77369cf5fca57463", element="f.AF73BA1E77A70A06C076938EC1F42E00.d.2E308C7A57DDA26D91E43324DE3E3BD8.e.52")&gt; | &lt;selenium.webdr...</msg>
<var>@{item_names_elements}</var>
<arg>class=inventory_item_name</arg>
<doc>Returns a list of WebElement objects matching the ``locator``.</doc>
<status status="PASS" start="2024-12-06T00:36:48.196823" elapsed="0.017488"/>
</kw>
<kw name="Get Text" owner="SeleniumLibrary">
<msg time="2024-12-06T00:36:48.226737" level="INFO">${selected_item_name} = Sauce Labs Onesie</msg>
<var>${selected_item_name}</var>
<arg>${item_names_elements}[${index}]</arg>
<doc>Returns the text value of the element identified by ``locator``.</doc>
<status status="PASS" start="2024-12-06T00:36:48.214571" elapsed="0.012233"/>
</kw>
<kw name="Log" owner="BuiltIn">
<msg time="2024-12-06T00:36:48.227204" level="INFO">Selected Item Name: Sauce Labs Onesie</msg>
<arg>Selected Item Name: ${selected_item_name}</arg>
<doc>Logs the given message with the given level.</doc>
<status status="PASS" start="2024-12-06T00:36:48.227014" elapsed="0.000258"/>
</kw>
<status status="PASS" start="2024-12-06T00:36:47.960994" elapsed="0.266395"/>
</kw>
<kw name="Sleep" owner="BuiltIn">
<msg time="2024-12-06T00:36:50.228586" level="INFO">Slept 2 seconds.</msg>
<arg>2s</arg>
<doc>Pauses the test executed for the given time.</doc>
<status status="PASS" start="2024-12-06T00:36:48.227697" elapsed="2.000983"/>
</kw>
<kw name="end web test" owner="common" type="TEARDOWN">
<kw name="Close All Browsers" owner="SeleniumLibrary">
<doc>Closes all open browsers and resets the browser cache.</doc>
<status status="PASS" start="2024-12-06T00:36:50.229513" elapsed="2.304516"/>
</kw>
<status status="PASS" start="2024-12-06T00:36:50.229220" elapsed="2.304939"/>
</kw>
<tag>login_test_cheapest</tag>
<status status="PASS" start="2024-12-06T00:36:44.210333" elapsed="8.324253"/>
</test>
<doc>Apature QA testing Ui test</doc>
<status status="PASS" start="2024-12-06T00:36:43.602109" elapsed="8.934149"/>
</suite>
<statistics>
<total>
<stat pass="1" fail="0" skip="0">All Tests</stat>
</total>
<tag>
<stat pass="1" fail="0" skip="0">login_test_cheapest</stat>
</tag>
<suite>
<stat pass="1" fail="0" skip="0" id="s1" name="Robot Ui Tests">Robot Ui Tests</stat>
</suite>
</statistics>
<errors>
</errors>
</robot>
